<?xml version="1.0" encoding="UTF-8"?>
<!-- Generated by org.testng.reporters.JUnitReportReporter -->
<testsuite hostname="VikasReddy" failures="0" tests="1" name="TestCase.RunFlipKart" time="10.512" errors="0" timestamp="2023-11-24T18:28:05 IST" skipped="0">
  <testcase classname="TestCase.RunFlipKart" name="runTestCaseFlipkart" time="10.512"/>
  <system-out/>
</testsuite> <!-- TestCase.RunFlipKart -->
